Submitted data: Array
(
    [document] => Certificate of Good Moral Character
    [purpose] => FOR SCHOOL PURPOSES.
)
Request successfully inserted for user ID 12
Submitted data: Array
(
    [document] => Barangay Business Permit
    [purpose] => for business
)
Request successfully inserted for user ID 12
Submitted data: Array
(
    [document] => Certificate of Good Moral Character
    [purpose] => FOR SCHOOL PURPOSES.
)
Request successfully inserted for user ID 12
Submitted data: Array
(
    [document] => Barangay Clearance
    [purpose] => sd
)
Request successfully inserted for user ID 12
Submitted data: Array
(
    [document] => Certificate of Good Moral Character
    [purpose] => sdada
)
Request successfully inserted for user ID 12
Submitted data: Array
(
    [document] => Certificate of Good Moral Character
    [purpose] => FOR 137 FORM
)
Request successfully inserted for user ID 13
